<?xml version="1.0" encoding="UTF-8"?>
<!-- Generated by org.testng.reporters.JUnitXMLReporter -->
<testsuite hostname="Sachin" name="login test" tests="1" failures="1" timestamp="5 Jan 2020 07:29:26 GMT" time="8.708" errors="0">
  <testcase name="verifyheaderemessage" time="0.677" classname="TestCases.Vlaidation">
    <failure type="java.lang.AssertionError" message="expected [FEATURED COURSE] but found [FEATURED COURSES]">
      <![CDATA[java.lang.AssertionError: expected [FEATURED COURSE] but found [FEATURED COURSES]
	at TestCases.Vlaidation.verifyheaderemessage(Vlaidation.java:31)
... Removed 29 stack frames]]>
    </failure>
  </testcase> <!-- verifyheaderemessage -->
</testsuite> <!-- login test -->
