<?xml version="1.0" encoding="UTF-8"?>
<!-- Generated by org.testng.reporters.JUnitXMLReporter -->
<testsuite hostname="Sachin" ignored="0" name="login test" tests="1" failures="1" timestamp="19 Nov 2019 18:58:30 GMT" time="8.061" errors="0">
  <testcase name="Loginverify1" time="0.048" classname="TestCases.Vlaidation">
    <failure type="java.lang.AssertionError" message="expected [FEATURED COURSE] but found [FEATURED COURSES]">
      <![CDATA[java.lang.AssertionError: expected [FEATURED COURSE] but found [FEATURED COURSES]
at TestCases.Vlaidation.Loginverify1(Vlaidation.java:31)
... Removed 35 stack frames]]>
    </failure>
  </testcase> <!-- Loginverify1 -->
</testsuite> <!-- login test -->
