<?xml version="1.0" encoding="UTF-8"?>
<!-- Generated by org.testng.reporters.JUnitXMLReporter -->
<testsuite hostname="Sachin" ignored="0" name="Test" tests="3" failures="0" timestamp="17 Nov 2019 16:18:03 GMT" time="0.084" errors="0">
  <testcase name="@BeforeTest InvokeBrowser" time="0.027" classname="TestCases.LoginTest">
    <failure type="java.io.FileNotFoundException" message="src\configurations\Datadriven.properties (The system cannot find the path specified)">
      <![CDATA[java.io.FileNotFoundException: src\configurations\Datadriven.properties (The system cannot find the path specified)
at java.io.FileInputStream.open0(Native Method)
at java.io.FileInputStream.open(FileInputStream.java:195)
at java.io.FileInputStream.<init>(FileInputStream.java:138)
at java.io.FileInputStream.<init>(FileInputStream.java:93)
at configurations.BaseConfiguration.InitializeBrowser(BaseConfiguration.java:23)
at TestCases.LoginTest.InvokeBrowser(LoginTest.java:23)
... Removed 28 stack frames]]>
    </failure>
  </testcase> <!-- @BeforeTest InvokeBrowser -->
  <testcase name="@BeforeTest InvokeBrowser" time="0.0" classname="TestCases.Visibletext">
    <skipped/>
  </testcase> <!-- @BeforeTest InvokeBrowser -->
  <testcase name="@BeforeTest InvokeBrowser" time="0.0" classname="TestCases.Vlaidation">
    <skipped/>
  </testcase> <!-- @BeforeTest InvokeBrowser -->
  <testcase name="@AfterTest logout" time="0.0" classname="TestCases.LoginTest">
    <skipped/>
  </testcase> <!-- @AfterTest logout -->
  <testcase name="@AfterTest logout" time="0.0" classname="TestCases.Visibletext">
    <skipped/>
  </testcase> <!-- @AfterTest logout -->
  <testcase name="@AfterTest logout" time="0.0" classname="TestCases.Vlaidation">
    <skipped/>
  </testcase> <!-- @AfterTest logout -->
  <testcase name="Loginverify" time="0.0" classname="TestCases.LoginTest">
    <skipped/>
  </testcase> <!-- Loginverify -->
  <testcase name="Loginverify" time="0.0" classname="TestCases.Visibletext">
    <skipped/>
  </testcase> <!-- Loginverify -->
  <testcase name="Loginverify1" time="0.0" classname="TestCases.Vlaidation">
    <skipped/>
  </testcase> <!-- Loginverify1 -->
</testsuite> <!-- Test -->
